# JRE version: Java(TM) SE Runtime Environment (8.0_31-b13) (build 1.8.0_31-b13)
# Java VM: Java HotSpot(TM) 64-Bit Server VM (25.31-b07 mixed mode linux-amd64 compressed oops)
Heap:
 PSYoungGen      total 139776K, used 63270K [0x000000076c800000, 0x000000077d900000, 0x00000007c0000000)
  eden space 129024K, 49% used [0x000000076c800000,0x00000007705c9928,0x0000000774600000)
  from space 10752K, 0% used [0x0000000774600000,0x0000000774600000,0x0000000775080000)
  to   space 10752K, 0% used [0x000000077ce80000,0x000000077ce80000,0x000000077d900000)
 ParOldGen       total 101376K, used 5394K [0x00000006c5800000, 0x00000006cbb00000, 0x000000076c800000)
  object space 101376K, 5% used [0x00000006c5800000,0x00000006c5d449e8,0x00000006cbb00000)
 Metaspace       used 31735K, capacity 33124K, committed 33152K, reserved 1077248K
  class space    used 4050K, capacity 5223K, committed 5248K, reserved 1048576K
GC Heap History (8 events):
Event: 0,871 GC heap before
{Heap before GC invocations=1 (full 0):
 PSYoungGen      total 75264K, used 64512K [0x000000076c800000, 0x0000000771c00000, 0x00000007c0000000)
  eden space 64512K, 100% used [0x000000076c800000,0x0000000770700000,0x0000000770700000)
  from space 10752K, 0% used [0x0000000771180000,0x0000000771180000,0x0000000771c00000)
  to   space 10752K, 0% used [0x0000000770700000,0x0000000770700000,0x0000000771180000)
 ParOldGen       total 172032K, used 0K [0x00000006c5800000, 0x00000006d0000000, 0x000000076c800000)
  object space 172032K, 0% used [0x00000006c5800000,0x00000006c5800000,0x00000006d0000000)
 Metaspace       used 14471K, capacity 14646K, committed 14848K, reserved 1062912K
  class space    used 1610K, capacity 1689K, committed 1792K, reserved 1048576K
Event: 0,885 GC heap after
Heap after GC invocations=1 (full 0):
 PSYoungGen      total 75264K, used 10731K [0x000000076c800000, 0x0000000775b00000, 0x00000007c0000000)
  eden space 64512K, 0% used [0x000000076c800000,0x000000076c800000,0x0000000770700000)
  from space 10752K, 99% used [0x0000000770700000,0x000000077117af50,0x0000000771180000)
  to   space 10752K, 0% used [0x0000000775080000,0x0000000775080000,0x0000000775b00000)
 ParOldGen       total 172032K, used 3340K [0x00000006c5800000, 0x00000006d0000000, 0x000000076c800000)
  object space 172032K, 1% used [0x00000006c5800000,0x00000006c5b43278,0x00000006d0000000)
 Metaspace       used 14471K, capacity 14646K, committed 14848K, reserved 1062912K
  class space    used 1610K, capacity 1689K, committed 1792K, reserved 1048576K
}
Event: 1,276 GC heap before
{Heap before GC invocations=2 (full 0):
 PSYoungGen      total 75264K, used 75243K [0x000000076c800000, 0x0000000775b00000, 0x00000007c0000000)
  eden space 64512K, 100% used [0x000000076c800000,0x0000000770700000,0x0000000770700000)
  from space 10752K, 99% used [0x0000000770700000,0x000000077117af50,0x0000000771180000)
  to   space 10752K, 0% used [0x0000000775080000,0x0000000775080000,0x0000000775b00000)
 ParOldGen       total 172032K, used 3340K [0x00000006c5800000, 0x00000006d0000000, 0x000000076c800000)
  object space 172032K, 1% used [0x00000006c5800000,0x00000006c5b43278,0x00000006d0000000)
 Metaspace       used 18455K, capacity 18588K, committed 18816K, reserved 1067008K
  class space    used 2109K, capacity 2170K, committed 2176K, reserved 1048576K
Event: 1,300 GC heap after
Heap after GC invocations=2 (full 0):
 PSYoungGen      total 139776K, used 10730K [0x000000076c800000, 0x0000000775b00000, 0x00000007c0000000)
  eden space 129024K, 0% used [0x000000076c800000,0x000000076c800000,0x0000000774600000)
  from space 10752K, 99% used [0x0000000775080000,0x0000000775afabc8,0x0000000775b00000)
  to   space 10752K, 0% used [0x0000000774600000,0x0000000774600000,0x0000000775080000)
 ParOldGen       total 172032K, used 15245K [0x00000006c5800000, 0x00000006d0000000, 0x000000076c800000)
  object space 172032K, 8% used [0x00000006c5800000,0x00000006c66e34b0,0x00000006d0000000)
 Metaspace       used 18455K, capacity 18588K, committed 18816K, reserved 1067008K
  class space    used 2109K, capacity 2170K, committed 2176K, reserved 1048576K
}
Event: 1,559 GC heap before
{Heap before GC invocations=3 (full 0):
 PSYoungGen      total 139776K, used 24328K [0x000000076c800000, 0x0000000775b00000, 0x00000007c0000000)
  eden space 129024K, 10% used [0x000000076c800000,0x000000076d547708,0x0000000774600000)
  from space 10752K, 99% used [0x0000000775080000,0x0000000775afabc8,0x0000000775b00000)
  to   space 10752K, 0% used [0x0000000774600000,0x0000000774600000,0x0000000775080000)
 ParOldGen       total 172032K, used 15245K [0x00000006c5800000, 0x00000006d0000000, 0x000000076c800000)
  object space 172032K, 8% used [0x00000006c5800000,0x00000006c66e34b0,0x00000006d0000000)
 Metaspace       used 20959K, capacity 21116K, committed 21248K, reserved 1069056K
  class space    used 2464K, capacity 2522K, committed 2560K, reserved 1048576K
Event: 1,571 GC heap after
Heap after GC invocations=3 (full 0):
 PSYoungGen      total 139776K, used 5078K [0x000000076c800000, 0x000000077d900000, 0x00000007c0000000)
  eden space 129024K, 0% used [0x000000076c800000,0x000000076c800000,0x0000000774600000)
  from space 10752K, 47% used [0x0000000774600000,0x0000000774af5a38,0x0000000775080000)
  to   space 10752K, 0% used [0x000000077ce80000,0x000000077ce80000,0x000000077d900000)
 ParOldGen       total 172032K, used 15253K [0x00000006c5800000, 0x00000006d0000000, 0x000000076c800000)
  object space 172032K, 8% used [0x00000006c5800000,0x00000006c66e54b0,0x00000006d0000000)
 Metaspace       used 20959K, capacity 21116K, committed 21248K, reserved 1069056K
  class space    used 2464K, capacity 2522K, committed 2560K, reserved 1048576K
}
Event: 1,571 GC heap before
{Heap before GC invocations=4 (full 1):
 PSYoungGen      total 139776K, used 5078K [0x000000076c800000, 0x000000077d900000, 0x00000007c0000000)
  eden space 129024K, 0% used [0x000000076c800000,0x000000076c800000,0x0000000774600000)
  from space 10752K, 47% used [0x0000000774600000,0x0000000774af5a38,0x0000000775080000)
  to   space 10752K, 0% used [0x000000077ce80000,0x000000077ce80000,0x000000077d900000)
 ParOldGen       total 172032K, used 15253K [0x00000006c5800000, 0x00000006d0000000, 0x000000076c800000)
  object space 172032K, 8% used [0x00000006c5800000,0x00000006c66e54b0,0x00000006d0000000)
 Metaspace       used 20959K, capacity 21116K, committed 21248K, reserved 1069056K
  class space    used 2464K, capacity 2522K, committed 2560K, reserved 1048576K
Event: 1,593 GC heap after
Heap after GC invocations=4 (full 1):
 PSYoungGen      total 139776K, used 0K [0x000000076c800000, 0x000000077d900000, 0x00000007c0000000)
  eden space 129024K, 0% used [0x000000076c800000,0x000000076c800000,0x0000000774600000)
  from space 10752K, 0% used [0x0000000774600000,0x0000000774600000,0x0000000775080000)
  to   space 10752K, 0% used [0x000000077ce80000,0x000000077ce80000,0x000000077d900000)
 ParOldGen       total 101376K, used 5394K [0x00000006c5800000, 0x00000006cbb00000, 0x000000076c800000)
  object space 101376K, 5% used [0x00000006c5800000,0x00000006c5d449e8,0x00000006cbb00000)
 Metaspace       used 20959K, capacity 21116K, committed 21248K, reserved 1069056K
  class space    used 2464K, capacity 2522K, committed 2560K, reserved 1048576K
}

